<?xml version="1.0" encoding="UTF-8"?>
<!-- Generated by org.testng.reporters.JUnitXMLReporter -->
<testsuite ignored="0" hostname="DESKTOP-UBOQT3A" failures="2" tests="6" name="HomePage" time="34.591" errors="0" timestamp="2020-07-07T01:10:00 IST">
  <testcase classname="framework.ValidateText" name="checkText" time="0.241">
    <failure type="java.lang.AssertionError" message="expected [Spicejet123456] but found []">
      <![CDATA[java.lang.AssertionError: expected [Spicejet123456] but found []
at framework.ValidateText.checkText(ValidateText.java:35)
at java.base/java.util.ArrayList.forEach(ArrayList.java:1540)
at java.base/java.util.concurrent.FutureTask.run(FutureTask.java:264)
at java.base/java.util.concurrent.ThreadPoolExecutor.runWorker(ThreadPoolExecutor.java:1128)
at java.base/java.util.concurrent.ThreadPoolExecutor$Worker.run(ThreadPoolExecutor.java:628)
at java.base/java.lang.Thread.run(Thread.java:834)
... Removed 23 stack frames]]>
    </failure>
  </testcase> <!-- checkText -->
  <testcase classname="framework.Signup" name="signup" time="3.429"/>
  <testcase classname="framework.Login" name="login" time="0.795"/>
  <testcase classname="framework.Signup" name="signup" time="1.304">
    <failure type="org.openqa.selenium.ElementClickInterceptedException" message="element click intercepted: Element &amp;lt;input id=&amp;quot;CONTROLGROUPREGISTERVIEW_PersonInputRegisterView_TextBoxFirstName&amp;quot; class=&amp;quot;wLrgs dropdown-caps required&amp;quot; tabindex=&amp;quot;0&amp;quot; name=&amp;quot;CONTROLGROUPREGISTERVIEW$PersonInputRegisterView$TextBoxFirstName&amp;quot; type=&amp;quot;text&amp;quot; maxlength=&amp;quot;32&amp;quot;&amp;gt; is not clickable at point (221, 264). Other element would receive the click: &amp;lt;div id=&amp;quot;popup_overlay&amp;quot; style=&amp;quot;position: absolute; z-index: 99998; top: 0px; left: 0px; width: 100%; height: 1364px; background: rgb(0, 0, 0); opacity: 0.52;&amp;quot;&amp;gt;&amp;lt;/div&amp;gt;
  (Session info: chrome=83.0.4103.116)
Build info: version: &amp;apos;3.141.59&amp;apos;, revision: &amp;apos;e82be7d358&amp;apos;, time: &amp;apos;2018-11-14T08:17:03&amp;apos;
System info: host: &amp;apos;DESKTOP-UBOQT3A&amp;apos;, ip: &amp;apos;192.168.29.52&amp;apos;, os.name: &amp;apos;Windows 10&amp;apos;, os.arch: &amp;apos;amd64&amp;apos;, os.version: &amp;apos;10.0&amp;apos;, java.version: &amp;apos;11.0.7&amp;apos;
Driver info: org.openqa.selenium.chrome.ChromeDriver
Capabilities {acceptInsecureCerts: false, browserName: chrome, browserVersion: 83.0.4103.116, chrome: {chromedriverVersion: 83.0.4103.39 (ccbf011cb2d2b..., userDataDir: C:\Users\ANKURC~1\AppData\L...}, goog:chromeOptions: {debuggerAddress: localhost:51403}, javascriptEnabled: true, networkConnectionEnabled: false, pageLoadStrategy: normal, platform: WINDOWS, platformName: WINDOWS, proxy: Proxy(), setWindowRect: true, strictFileInteractability: false, timeouts: {implicit: 0, pageLoad: 300000, script: 30000}, unhandledPromptBehavior: dismiss and notify, webauthn:virtualAuthenticators: true}
Session ID: 352b88f46b3093a9ab6ce3d341ab3687">
      <![CDATA[org.openqa.selenium.ElementClickInterceptedException: element click intercepted: Element <input id="CONTROLGROUPREGISTERVIEW_PersonInputRegisterView_TextBoxFirstName" class="wLrgs dropdown-caps required" tabindex="0" name="CONTROLGROUPREGISTERVIEW$PersonInputRegisterView$TextBoxFirstName" type="text" maxlength="32"> is not clickable at point (221, 264). Other element would receive the click: <div id="popup_overlay" style="position: absolute; z-index: 99998; top: 0px; left: 0px; width: 100%; height: 1364px; background: rgb(0, 0, 0); opacity: 0.52;"></div>
  (Session info: chrome=83.0.4103.116)
Build info: version: '3.141.59', revision: 'e82be7d358', time: '2018-11-14T08:17:03'
System info: host: 'DESKTOP-UBOQT3A', ip: '192.168.29.52', os.name: 'Windows 10', os.arch: 'amd64', os.version: '10.0', java.version: '11.0.7'
Driver info: org.openqa.selenium.chrome.ChromeDriver
Capabilities {acceptInsecureCerts: false, browserName: chrome, browserVersion: 83.0.4103.116, chrome: {chromedriverVersion: 83.0.4103.39 (ccbf011cb2d2b..., userDataDir: C:\Users\ANKURC~1\AppData\L...}, goog:chromeOptions: {debuggerAddress: localhost:51403}, javascriptEnabled: true, networkConnectionEnabled: false, pageLoadStrategy: normal, platform: WINDOWS, platformName: WINDOWS, proxy: Proxy(), setWindowRect: true, strictFileInteractability: false, timeouts: {implicit: 0, pageLoad: 300000, script: 30000}, unhandledPromptBehavior: dismiss and notify, webauthn:virtualAuthenticators: true}
Session ID: 352b88f46b3093a9ab6ce3d341ab3687
at org.openqa.selenium.remote.http.W3CHttpResponseCodec.createException(W3CHttpResponseCodec.java:187)
at org.openqa.selenium.remote.http.W3CHttpResponseCodec.decode(W3CHttpResponseCodec.java:122)
at org.openqa.selenium.remote.http.W3CHttpResponseCodec.decode(W3CHttpResponseCodec.java:49)
at org.openqa.selenium.remote.HttpCommandExecutor.execute(HttpCommandExecutor.java:158)
at org.openqa.selenium.remote.service.DriverCommandExecutor.execute(DriverCommandExecutor.java:83)
at org.openqa.selenium.remote.RemoteWebDriver.execute(RemoteWebDriver.java:552)
at org.openqa.selenium.remote.RemoteWebElement.execute(RemoteWebElement.java:285)
at org.openqa.selenium.remote.RemoteWebElement.click(RemoteWebElement.java:84)
at org.openqa.selenium.support.pagefactory.internal.LocatingElementHandler.invoke(LocatingElementHandler.java:51)
at com.sun.proxy.$Proxy28.click(Unknown Source)
at framework.Signup.signup(Signup.java:51)
at java.base/java.util.ArrayList.forEach(ArrayList.java:1540)
at java.base/java.util.concurrent.FutureTask.run(FutureTask.java:264)
at java.base/java.util.concurrent.ThreadPoolExecutor.runWorker(ThreadPoolExecutor.java:1128)
at java.base/java.util.concurrent.ThreadPoolExecutor$Worker.run(ThreadPoolExecutor.java:628)
at java.base/java.lang.Thread.run(Thread.java:834)
... Removed 26 stack frames]]>
    </failure>
  </testcase> <!-- signup -->
  <testcase classname="framework.Login" name="login" time="0.849"/>
  <testcase classname="framework.HomePage" name="searchFlights" time="14.414"/>
</testsuite> <!-- HomePage -->
